{"total": {"lines":{"total":388,"covered":148,"skipped":0,"pct":38.14},"statements":{"total":423,"covered":153,"skipped":0,"pct":36.17},"functions":{"total":114,"covered":43,"skipped":0,"pct":37.71},"branches":{"total":240,"covered":75,"skipped":0,"pct":31.25},"branchesTrue":{"total":0,"covered":0,"skipped":0,"pct":100}}
,"C:\\Users\\Micha\\OneDrive\\Documents\\collaborative-note-taking\\src\\App.tsx": {"lines":{"total":8,"covered":0,"skipped":0,"pct":0},"functions":{"total":5,"covered":0,"skipped":0,"pct":0},"statements":{"total":9,"covered":0,"skipped":0,"pct":0},"branches":{"total":0,"covered":0,"skipped":0,"pct":100}}
,"C:\\Users\\Micha\\OneDrive\\Documents\\collaborative-note-taking\\src\\Auth\\Login.tsx": {"lines":{"total":13,"covered":13,"skipped":0,"pct":100},"functions":{"total":4,"covered":4,"skipped":0,"pct":100},"statements":{"total":14,"covered":14,"skipped":0,"pct":100},"branches":{"total":6,"covered":6,"skipped":0,"pct":100}}
,"C:\\Users\\Micha\\OneDrive\\Documents\\collaborative-note-taking\\src\\Auth\\ProtectedRoute.tsx": {"lines":{"total":3,"covered":0,"skipped":0,"pct":0},"functions":{"total":1,"covered":0,"skipped":0,"pct":0},"statements":{"total":3,"covered":0,"skipped":0,"pct":0},"branches":{"total":2,"covered":0,"skipped":0,"pct":0}}
,"C:\\Users\\Micha\\OneDrive\\Documents\\collaborative-note-taking\\src\\Auth\\Signup.tsx": {"lines":{"total":17,"covered":17,"skipped":0,"pct":100},"functions":{"total":4,"covered":4,"skipped":0,"pct":100},"statements":{"total":17,"covered":17,"skipped":0,"pct":100},"branches":{"total":6,"covered":6,"skipped":0,"pct":100}}
,"C:\\Users\\Micha\\OneDrive\\Documents\\collaborative-note-taking\\src\\components\\Dashboard.tsx": {"lines":{"total":40,"covered":34,"skipped":0,"pct":85},"functions":{"total":8,"covered":8,"skipped":0,"pct":100},"statements":{"total":42,"covered":34,"skipped":0,"pct":80.95},"branches":{"total":26,"covered":17,"skipped":0,"pct":65.38}}
,"C:\\Users\\Micha\\OneDrive\\Documents\\collaborative-note-taking\\src\\components\\EditorMain.tsx": {"lines":{"total":128,"covered":0,"skipped":0,"pct":0},"functions":{"total":37,"covered":0,"skipped":0,"pct":0},"statements":{"total":142,"covered":0,"skipped":0,"pct":0},"branches":{"total":104,"covered":0,"skipped":0,"pct":0}}
,"C:\\Users\\Micha\\OneDrive\\Documents\\collaborative-note-taking\\src\\components\\EditorPage.tsx": {"lines":{"total":3,"covered":0,"skipped":0,"pct":0},"functions":{"total":1,"covered":0,"skipped":0,"pct":0},"statements":{"total":4,"covered":0,"skipped":0,"pct":0},"branches":{"total":2,"covered":0,"skipped":0,"pct":0}}
,"C:\\Users\\Micha\\OneDrive\\Documents\\collaborative-note-taking\\src\\components\\EditorToolbar.tsx": {"lines":{"total":35,"covered":15,"skipped":0,"pct":42.85},"functions":{"total":16,"covered":6,"skipped":0,"pct":37.5},"statements":{"total":37,"covered":16,"skipped":0,"pct":43.24},"branches":{"total":18,"covered":8,"skipped":0,"pct":44.44}}
,"C:\\Users\\Micha\\OneDrive\\Documents\\collaborative-note-taking\\src\\components\\InviteButton.tsx": {"lines":{"total":47,"covered":46,"skipped":0,"pct":97.87},"functions":{"total":12,"covered":12,"skipped":0,"pct":100},"statements":{"total":49,"covered":48,"skipped":0,"pct":97.95},"branches":{"total":25,"covered":23,"skipped":0,"pct":92}}
,"C:\\Users\\Micha\\OneDrive\\Documents\\collaborative-note-taking\\src\\components\\PresenceBar.tsx": {"lines":{"total":15,"covered":15,"skipped":0,"pct":100},"functions":{"total":6,"covered":6,"skipped":0,"pct":100},"statements":{"total":16,"covered":15,"skipped":0,"pct":93.75},"branches":{"total":14,"covered":12,"skipped":0,"pct":85.71}}
,"C:\\Users\\Micha\\OneDrive\\Documents\\collaborative-note-taking\\src\\components\\RichTextEditor.tsx": {"lines":{"total":15,"covered":0,"skipped":0,"pct":0},"functions":{"total":5,"covered":0,"skipped":0,"pct":0},"statements":{"total":17,"covered":0,"skipped":0,"pct":0},"branches":{"total":14,"covered":0,"skipped":0,"pct":0}}
,"C:\\Users\\Micha\\OneDrive\\Documents\\collaborative-note-taking\\src\\helpers\\email.ts": {"lines":{"total":1,"covered":1,"skipped":0,"pct":100},"functions":{"total":1,"covered":1,"skipped":0,"pct":100},"statements":{"total":1,"covered":1,"skipped":0,"pct":100},"branches":{"total":0,"covered":0,"skipped":0,"pct":100}}
,"C:\\Users\\Micha\\OneDrive\\Documents\\collaborative-note-taking\\src\\helpers\\generateColour.ts": {"lines":{"total":6,"covered":6,"skipped":0,"pct":100},"functions":{"total":1,"covered":1,"skipped":0,"pct":100},"statements":{"total":7,"covered":7,"skipped":0,"pct":100},"branches":{"total":0,"covered":0,"skipped":0,"pct":100}}
,"C:\\Users\\Micha\\OneDrive\\Documents\\collaborative-note-taking\\src\\helpers\\permissions.ts": {"lines":{"total":1,"covered":1,"skipped":0,"pct":100},"functions":{"total":1,"covered":1,"skipped":0,"pct":100},"statements":{"total":1,"covered":1,"skipped":0,"pct":100},"branches":{"total":3,"covered":3,"skipped":0,"pct":100}}
,"C:\\Users\\Micha\\OneDrive\\Documents\\collaborative-note-taking\\src\\hooks\\useYjs.ts": {"lines":{"total":51,"covered":0,"skipped":0,"pct":0},"functions":{"total":11,"covered":0,"skipped":0,"pct":0},"statements":{"total":59,"covered":0,"skipped":0,"pct":0},"branches":{"total":20,"covered":0,"skipped":0,"pct":0}}
,"C:\\Users\\Micha\\OneDrive\\Documents\\collaborative-note-taking\\src\\lib\\supabase.ts": {"lines":{"total":1,"covered":0,"skipped":0,"pct":0},"functions":{"total":0,"covered":0,"skipped":0,"pct":100},"statements":{"total":1,"covered":0,"skipped":0,"pct":0},"branches":{"total":0,"covered":0,"skipped":0,"pct":100}}
,"C:\\Users\\Micha\\OneDrive\\Documents\\collaborative-note-taking\\src\\lib\\yjs.ts": {"lines":{"total":4,"covered":0,"skipped":0,"pct":0},"functions":{"total":1,"covered":0,"skipped":0,"pct":0},"statements":{"total":4,"covered":0,"skipped":0,"pct":0},"branches":{"total":0,"covered":0,"skipped":0,"pct":100}}
}
